[2025-07-12T23:15:27.632Z] INFO: Servidor rodando na porta 3000
[2025-07-12T23:16:25.652Z] ERROR: Erro ao inserir paciente com CPF 12345678900: Duplicate entry '12345678900' for key 'PACIENTE.PRIMARY'
[2025-07-12T23:16:35.726Z] INFO: Paciente com CPF 12322278900 inserido com sucesso
[2025-07-12T23:21:10.420Z] INFO: Servidor rodando na porta 3000
[2025-07-12T23:21:16.952Z] ERROR: Erro ao inserir FUNCIONARIO: Duplicate entry '92245432100' for key 'FUNCIONARIO.PRIMARY'
[2025-07-12T23:21:19.200Z] ERROR: Erro ao inserir FUNCIONARIO: Duplicate entry '92245432100' for key 'FUNCIONARIO.PRIMARY'
[2025-07-12T23:21:33.709Z] INFO: FUNCIONARIO Dr. André Andrade inserido com sucesso
[2025-07-12T23:31:30.440Z] INFO: Servidor rodando na porta 3000
[2025-07-12T23:31:56.680Z] INFO: UNIDADE 3da não encontrada para exclusão
[2025-07-12T23:31:58.795Z] INFO: UNIDADE 3da não encontrada para exclusão
[2025-07-12T23:43:54.760Z] INFO: Servidor rodando na porta 3000
[2025-07-12T23:43:59.174Z] INFO: Lista de pacientes retornada com sucesso
[2025-07-12T23:44:10.265Z] INFO: Paciente com cpf 111.222.000-11 retornado com sucesso
[2025-07-12T23:44:18.945Z] INFO: Nenhum procedimento encontrado para o paciente 111.222.000-11
[2025-07-12T23:49:23.164Z] ERROR: Erro ao inserir PROCEDIMENTO: Incorrect datetime value: '2025-08-01T14:30:00Z' for column 'DATA_HORARIO' at row 1
[2025-07-12T23:49:41.623Z] INFO: Lista de PROCEDIMENTOS retornada com sucesso
[2025-07-12T23:50:10.551Z] ERROR: Erro ao inserir PROCEDIMENTO: Incorrect datetime value: '2025-07-15T17:30:00.000Z' for column 'DATA_HORARIO' at row 1
[2025-07-12T23:50:36.417Z] INFO: PROCEDIMENTO 101 inserido com sucesso
[2025-07-12T23:50:59.458Z] INFO: PROCEDIMENTO 102 inserido com sucesso
[2025-07-12T23:51:35.807Z] INFO: PROCEDIMENTO 103 inserido com sucesso
[2025-07-13T00:45:09.613Z] INFO: Servidor rodando na porta 3000
[2025-07-13T00:58:36.676Z] ERROR: Erro ao inserir PROCEDIMENTO: Duplicate entry '103' for key 'PROCEDIMENTO.PRIMARY'
[2025-07-13T01:06:35.116Z] INFO: Servidor rodando na porta 3000
[2025-07-13T01:06:55.601Z] ERROR: Erro ao inserir PROCEDIMENTO: Duplicate entry '103' for key 'PROCEDIMENTO.PRIMARY'
[2025-07-13T01:07:10.473Z] INFO: Lista de PROCEDIMENTOS retornada com sucesso
[2025-07-13T01:07:19.210Z] INFO: Lista de pacientes retornada com sucesso
[2025-07-13T01:11:33.550Z] INFO: Lista de pacientes retornada com sucesso
[2025-07-13T01:11:35.948Z] INFO: Lista de pacientes retornada com sucesso
[2025-07-13T01:11:59.292Z] INFO: Lista de pacientes retornada com sucesso
[2025-07-13T01:12:33.933Z] INFO: Lista de pacientes retornada com sucesso
[2025-07-13T01:12:35.986Z] INFO: Lista de pacientes retornada com sucesso
[2025-07-13T01:12:43.667Z] INFO: Lista de pacientes retornada com sucesso
[2025-07-13T01:14:14.955Z] INFO: Lista de pacientes retornada com sucesso
[2025-07-13T01:22:28.670Z] INFO: Lista de pacientes retornada com sucesso
[2025-07-13T01:22:31.934Z] INFO: Lista de pacientes retornada com sucesso
[2025-07-13T01:25:58.571Z] INFO: Lista de pacientes retornada com sucesso
[2025-07-13T01:29:37.387Z] INFO: Lista de pacientes retornada com sucesso
[2025-07-13T01:31:48.416Z] INFO: Lista de pacientes retornada com sucesso
[2025-07-13T01:31:59.955Z] INFO: Lista de pacientes retornada com sucesso
[2025-07-13T01:35:26.680Z] INFO: Lista de pacientes retornada com sucesso
[2025-07-13T01:35:28.664Z] INFO: Lista de pacientes retornada com sucesso
[2025-07-13T01:37:04.351Z] INFO: Lista de pacientes retornada com sucesso
[2025-07-13T01:40:14.607Z] INFO: Lista de pacientes retornada com sucesso
[2025-07-13T01:48:34.694Z] INFO: Servidor rodando na porta 3000
[2025-07-13T01:53:41.965Z] ERROR: Erro ao autenticar paciente: Table 'clinica.PACIENTES' doesn't exist
[2025-07-13T01:58:00.412Z] ERROR: Erro ao autenticar paciente: Table 'clinica.PACIENTES' doesn't exist
[2025-07-13T01:58:14.951Z] INFO: Servidor rodando na porta 3000
[2025-07-13T01:58:21.187Z] INFO: Funcionário 99999999999 autenticado
[2025-07-13T01:58:46.876Z] INFO: Lista de pacientes retornada com sucesso
[2025-07-13T01:58:56.185Z] INFO: Lista de PROCEDIMENTOS retornada com sucesso
[2025-07-13T01:59:06.321Z] INFO: Lista de PRONTUARIOS retornada com sucesso
[2025-07-13T02:03:29.059Z] INFO: Servidor rodando na porta 3000
[2025-07-13T02:04:14.236Z] INFO: Funcionário 99999999999 autenticado
[2025-07-20T22:54:43.264Z] INFO: Servidor rodando na porta 3000
[2025-07-21T01:54:49.755Z] INFO: Servidor rodando na porta 3000
[2025-07-24T23:46:05.193Z] INFO: Servidor rodando na porta 3000
[2025-07-24T23:55:46.260Z] INFO: Servidor rodando na porta 3000
[2025-07-24T23:59:28.469Z] INFO: Servidor rodando na porta 3000
[2025-07-25T00:08:54.831Z] INFO: Funcionário 99999999999 autenticado
[2025-07-25T00:09:28.214Z] INFO: Funcionário 99999999999 autenticado
[2025-07-25T00:10:49.135Z] INFO: Funcionário 99999999999 autenticado
[2025-07-25T00:13:58.851Z] INFO: Servidor rodando na porta 3000
[2025-07-25T00:14:23.723Z] INFO: Funcionário 99999999999 autenticado
[2025-07-25T00:16:05.321Z] INFO: Lista de UNIDADES retornada com sucesso
[2025-07-25T00:17:16.132Z] INFO: Servidor rodando na porta 3000
[2025-07-25T00:17:41.157Z] INFO: Funcionário 99999999999 autenticado
[2025-07-25T00:18:47.330Z] INFO: Lista de remédios retornada com sucesso
[2025-07-25T00:20:15.256Z] INFO: Servidor rodando na porta 3000
[2025-07-25T00:20:36.152Z] INFO: Funcionário 99999999999 autenticado
[2025-07-25T00:32:47.639Z] INFO: Lista de leitos retornada com sucesso
[2025-07-25T00:33:27.386Z] INFO: Lista de FUNCIONARIOS retornada com sucesso
[2025-07-25T00:34:10.838Z] INFO: Lista de PROCEDIMENTOS retornada com sucesso
[2025-07-25T00:34:38.693Z] INFO: Lista de PRONTUARIOS retornada com sucesso
[2025-07-25T00:48:20.697Z] INFO: Lista de pacientes retornada com sucesso
[2025-07-25T01:00:14.998Z] INFO: Servidor rodando na porta 3000
[2025-07-25T01:01:47.686Z] INFO: Funcionário 99999999999 autenticado
[2025-07-25T01:02:04.390Z] INFO: Paciente com cpf 99999999999  não encontrado
[2025-07-25T01:03:05.397Z] INFO: Paciente com cpf 99999999999  não encontrado
[2025-07-25T01:04:44.805Z] INFO: Paciente com cpf 111.222.000-11 retornado com sucesso
[2025-07-25T01:06:46.659Z] ERROR: Erro ao inserir paciente com CPF undefined: Column 'CPF_PACIENTE' cannot be null
[2025-07-25T01:06:57.782Z] ERROR: Erro ao inserir paciente com CPF undefined: Column 'CPF_PACIENTE' cannot be null
[2025-07-25T01:07:43.196Z] ERROR: Erro ao inserir paciente com CPF undefined: Column 'CPF_PACIENTE' cannot be null
[2025-07-25T01:08:01.125Z] ERROR: Erro ao inserir paciente com CPF undefined: Column 'CPF_PACIENTE' cannot be null
[2025-07-25T01:08:38.799Z] ERROR: Erro ao inserir paciente com CPF undefined: Column 'CPF_PACIENTE' cannot be null
[2025-07-25T01:09:23.726Z] ERROR: Erro ao inserir paciente com CPF undefined: Column 'CPF_PACIENTE' cannot be null
[2025-07-25T01:09:29.260Z] ERROR: Erro ao inserir paciente com CPF undefined: Column 'CPF_PACIENTE' cannot be null
[2025-07-25T01:11:32.852Z] INFO: Servidor rodando na porta 3000
[2025-07-25T01:12:04.883Z] INFO: Funcionário 99999999999 autenticado
[2025-07-25T01:12:39.058Z] INFO: Paciente com cpf 99999999999  não encontrado
[2025-07-25T01:12:50.346Z] INFO: Paciente com cpf 123.456.000-11 retornado com sucesso
[2025-07-25T01:13:12.999Z] ERROR: Erro ao inserir paciente com CPF undefined: You have an error in your SQL syntax; check the manual that corresponds to your MySQL server version for the right syntax to use near '?, ?)' at line 3
[2025-07-25T01:19:38.556Z] INFO: Servidor rodando na porta 3000
[2025-07-25T01:19:52.913Z] INFO: Funcionário 99999999999 autenticado
[2025-07-25T01:20:26.682Z] ERROR: Erro ao inserir paciente com CPF undefined: Column 'CPF_PACIENTE' cannot be null
[2025-07-25T01:21:38.820Z] INFO: Paciente com CPF 123.458.000-44 inserido com sucesso
[2025-07-25T01:23:41.523Z] INFO: Paciente com CPF 123.458.000-44 deletado com sucesso
[2025-07-25T01:33:56.460Z] INFO: Lista de remédios retornada com sucesso
[2025-07-25T01:34:07.041Z] INFO: Remédio R001 retornado com sucesso
[2025-07-25T01:34:35.661Z] INFO: Remédio R001 deletado com sucesso
[2025-07-25T01:35:15.770Z] INFO: Lista de remédios retornada com sucesso
[2025-07-25T01:36:20.381Z] ERROR: Erro ao inserir remédio undefined: Column 'ID_REMEDIO' cannot be null
[2025-07-25T01:36:52.653Z] ERROR: Erro ao inserir remédio R007: Column 'NOME' cannot be null
[2025-07-25T01:37:06.160Z] INFO: Remédio R007 inserido com sucesso
[2025-07-25T01:40:55.706Z] INFO: Lista de leitos retornada com sucesso
[2025-07-25T01:41:39.383Z] INFO: Leito L001 retornado com sucesso
[2025-07-25T01:42:02.626Z] INFO: Leito L001 deletado com sucesso
[2025-07-25T01:42:21.386Z] INFO: Lista de leitos retornada com sucesso
[2025-07-25T01:43:11.335Z] INFO: Lista de leitos retornada com sucesso
[2025-07-25T01:43:21.259Z] ERROR: Erro ao inserir leito undefined: Column 'ID_LEITO' cannot be null
[2025-07-25T01:44:13.074Z] ERROR: Erro ao inserir leito L010: Column 'ID_PACIENTE_FK' cannot be null
[2025-07-25T01:44:24.422Z] ERROR: Erro ao inserir leito L010: Cannot add or update a child row: a foreign key constraint fails (`clinica`.`LEITOS`, CONSTRAINT `LEITOS_ibfk_1` FOREIGN KEY (`ID_PACIENTE_FK`) REFERENCES `PACIENTE` (`CPF_PACIENTE`))
[2025-07-25T01:45:20.212Z] INFO: Leito L010 inserido com sucesso
[2025-07-25T02:03:16.874Z] INFO: Lista de FUNCIONARIOS retornada com sucesso
[2025-07-25T02:03:26.051Z] INFO: FUNCIONARIO com CPF 12345678900 retornado
[2025-07-25T02:04:17.768Z] ERROR: Erro ao inserir FUNCIONARIO: Column 'CPF_FUNCIONARIO' cannot be null
[2025-07-25T02:04:24.733Z] INFO: FUNCIONARIO undefined inserido com sucesso
[2025-07-25T02:04:55.834Z] INFO: FUNCIONARIO com CPF 12345611144 deletado com sucesso
[2025-07-25T02:08:51.878Z] INFO: Lista de PRONTUARIOS retornada com sucesso
[2025-07-25T02:09:02.823Z] INFO: PRONTUARIO PRONT001 retornado com sucesso
[2025-07-25T02:09:40.909Z] INFO: PRONTUARIO undefined inserido com sucesso
[2025-07-25T02:10:09.624Z] INFO: PRONTUARIO PRONT005 não encontrado para exclusão
[2025-07-25T02:10:22.122Z] INFO: Lista de PRONTUARIOS retornada com sucesso
[2025-07-25T02:10:35.104Z] INFO: PRONTUARIO PRONT001 deletado com sucesso
[2025-07-25T02:28:39.881Z] INFO: Funcionário 99999999999 autenticado
[2025-07-25T02:28:51.436Z] INFO: Lista de leitos retornada com sucesso
[2025-07-25T02:32:05.638Z] INFO: Lista de PROCEDIMENTOS retornada com sucesso
[2025-07-25T02:32:16.476Z] INFO: PROCEDIMENTO 101 retornado com sucesso
[2025-07-25T02:32:56.064Z] ERROR: Erro ao inserir PROCEDIMENTO: Column 'ID_PROCEDIMENTO' cannot be null
[2025-07-25T02:33:04.338Z] ERROR: Erro ao inserir PROCEDIMENTO: Column 'ID_PROCEDIMENTO' cannot be null
[2025-07-25T02:33:41.630Z] ERROR: Erro ao inserir PROCEDIMENTO: Column 'ID_PROCEDIMENTO' cannot be null
[2025-07-25T02:34:11.953Z] INFO: PROCEDIMENTO 188 inserido com sucesso
[2025-07-25T02:35:56.115Z] INFO: Lista de PROCEDIMENTOS retornada com sucesso
[2025-07-25T02:38:33.171Z] INFO: PROCEDIMENTO 108 não encontrado para exclusão
[2025-07-25T02:38:44.494Z] INFO: PROCEDIMENTO 188 deletado com sucesso
[2025-07-25T02:40:55.278Z] INFO: Lista de leitos retornada com sucesso
[2025-07-25T02:41:11.113Z] INFO: Leito L003 retornado com sucesso
