::1 - - [12/Jul/2025:23:16:25 +0000] "POST /pacientes HTTP/1.1" 500 68 "-" "PostmanRuntime/7.44.0"
::1 - - [12/Jul/2025:23:16:35 +0000] "POST /pacientes HTTP/1.1" 201 43 "-" "PostmanRuntime/7.44.0"
::1 - - [12/Jul/2025:23:19:42 +0000] "POST /funcionarios HTTP/1.1" 500 71 "-" "PostmanRuntime/7.44.0"
::1 - - [12/Jul/2025:23:19:59 +0000] "POST /funcionarios HTTP/1.1" 201 46 "-" "PostmanRuntime/7.44.0"
::1 - - [12/Jul/2025:23:21:16 +0000] "POST /funcionarios HTTP/1.1" 500 71 "-" "PostmanRuntime/7.44.0"
::1 - - [12/Jul/2025:23:21:19 +0000] "POST /funcionarios HTTP/1.1" 500 71 "-" "PostmanRuntime/7.44.0"
::1 - - [12/Jul/2025:23:21:33 +0000] "POST /funcionarios HTTP/1.1" 201 46 "-" "PostmanRuntime/7.44.0"
::1 - - [12/Jul/2025:23:31:02 +0000] "DELETE /unidades/3da HTTP/1.1" 404 37 "-" "PostmanRuntime/7.44.0"
::1 - - [12/Jul/2025:23:31:56 +0000] "DELETE /unidades/3da HTTP/1.1" 404 37 "-" "PostmanRuntime/7.44.0"
::1 - - [12/Jul/2025:23:31:58 +0000] "DELETE /unidades/3da HTTP/1.1" 404 37 "-" "PostmanRuntime/7.44.0"
::1 - - [12/Jul/2025:23:43:59 +0000] "GET /pacientes HTTP/1.1" 200 849 "-" "PostmanRuntime/7.44.0"
::1 - - [12/Jul/2025:23:44:10 +0000] "GET /pacientes/111.222.000-11 HTTP/1.1" 200 158 "-" "PostmanRuntime/7.44.0"
::1 - - [12/Jul/2025:23:44:18 +0000] "GET /pacientes/111.222.000-11/historico HTTP/1.1" 404 63 "-" "PostmanRuntime/7.44.0"
::1 - - [12/Jul/2025:23:49:23 +0000] "POST /procedimentos HTTP/1.1" 500 95 "-" "PostmanRuntime/7.44.0"
::1 - - [12/Jul/2025:23:49:41 +0000] "GET /procedimentos HTTP/1.1" 200 218 "-" "PostmanRuntime/7.44.0"
::1 - - [12/Jul/2025:23:49:54 +0000] "POST /procedimentos HTTP/1.1" 500 1313 "-" "PostmanRuntime/7.44.0"
::1 - - [12/Jul/2025:23:50:10 +0000] "POST /procedimentos HTTP/1.1" 500 99 "-" "PostmanRuntime/7.44.0"
::1 - - [12/Jul/2025:23:50:36 +0000] "POST /procedimentos HTTP/1.1" 201 47 "-" "PostmanRuntime/7.44.0"
::1 - - [12/Jul/2025:23:50:59 +0000] "POST /procedimentos HTTP/1.1" 201 47 "-" "PostmanRuntime/7.44.0"
::1 - - [12/Jul/2025:23:51:35 +0000] "POST /procedimentos HTTP/1.1" 201 47 "-" "PostmanRuntime/7.44.0"
::1 - - [13/Jul/2025:00:58:36 +0000] "POST /procedimentos HTTP/1.1" 500 64 "-" "PostmanRuntime/7.44.0"
::1 - - [13/Jul/2025:01:06:55 +0000] "POST /procedimentos HTTP/1.1" 500 64 "-" "PostmanRuntime/7.44.0"
::1 - - [13/Jul/2025:01:07:10 +0000] "GET /procedimentos HTTP/1.1" 200 841 "-" "PostmanRuntime/7.44.0"
::1 - - [13/Jul/2025:01:07:19 +0000] "GET /pacientes HTTP/1.1" 200 979 "-" "PostmanRuntime/7.44.0"
::1 - - [13/Jul/2025:01:11:33 +0000] "GET /pacientes HTTP/1.1" 200 979 "-" "PostmanRuntime/7.44.0"
::1 - - [13/Jul/2025:01:11:35 +0000] "GET /pacientes HTTP/1.1" 200 979 "-" "PostmanRuntime/7.44.0"
::1 - - [13/Jul/2025:01:11:59 +0000] "GET /pacientes HTTP/1.1" 200 979 "-" "PostmanRuntime/7.44.0"
::1 - - [13/Jul/2025:01:12:33 +0000] "GET /pacientes HTTP/1.1" 200 979 "-" "PostmanRuntime/7.44.0"
::1 - - [13/Jul/2025:01:12:35 +0000] "GET /pacientes HTTP/1.1" 200 979 "-" "PostmanRuntime/7.44.0"
::1 - - [13/Jul/2025:01:12:43 +0000] "GET /pacientes HTTP/1.1" 200 979 "-" "PostmanRuntime/7.44.0"
::1 - - [13/Jul/2025:01:14:14 +0000] "GET /pacientes HTTP/1.1" 200 979 "-" "PostmanRuntime/7.44.0"
::1 - - [13/Jul/2025:01:22:28 +0000] "GET /pacientes HTTP/1.1" 200 979 "-" "PostmanRuntime/7.44.0"
::1 - - [13/Jul/2025:01:22:31 +0000] "GET /pacientes HTTP/1.1" 200 979 "-" "PostmanRuntime/7.44.0"
::1 - - [13/Jul/2025:01:25:58 +0000] "GET /pacientes HTTP/1.1" 200 979 "-" "PostmanRuntime/7.44.0"
::1 - - [13/Jul/2025:01:29:37 +0000] "GET /pacientes HTTP/1.1" 200 979 "-" "PostmanRuntime/7.44.0"
::1 - - [13/Jul/2025:01:31:48 +0000] "GET /pacientes HTTP/1.1" 200 979 "-" "PostmanRuntime/7.44.0"
::1 - - [13/Jul/2025:01:31:59 +0000] "GET /pacientes HTTP/1.1" 200 979 "-" "PostmanRuntime/7.44.0"
::1 - - [13/Jul/2025:01:35:26 +0000] "GET /pacientes HTTP/1.1" 200 979 "-" "PostmanRuntime/7.44.0"
::1 - - [13/Jul/2025:01:35:28 +0000] "GET /pacientes HTTP/1.1" 200 979 "-" "PostmanRuntime/7.44.0"
::1 - - [13/Jul/2025:01:37:04 +0000] "GET /pacientes HTTP/1.1" 200 979 "-" "PostmanRuntime/7.44.0"
::1 - - [13/Jul/2025:01:40:14 +0000] "GET /pacientes HTTP/1.1" 200 979 "-" "PostmanRuntime/7.44.0"
::1 - - [13/Jul/2025:01:48:45 +0000] "GET /pacientes HTTP/1.1" 401 41 "-" "PostmanRuntime/7.44.0"
::1 - admin@admin.com [13/Jul/2025:01:52:23 +0000] "GET /login/autenticar HTTP/1.1" 401 41 "-" "PostmanRuntime/7.44.0"
::1 - - [13/Jul/2025:01:52:48 +0000] "GET /login/autenticar HTTP/1.1" 401 41 "-" "PostmanRuntime/7.44.0"
::1 - - [13/Jul/2025:01:53:36 +0000] "GET /login/autenticar HTTP/1.1" 401 41 "-" "PostmanRuntime/7.44.0"
::1 - - [13/Jul/2025:01:53:41 +0000] "POST /login/autenticar HTTP/1.1" 500 28 "-" "PostmanRuntime/7.44.0"
::1 - - [13/Jul/2025:01:58:00 +0000] "POST /login/autenticar HTTP/1.1" 500 28 "-" "PostmanRuntime/7.44.0"
::1 - - [13/Jul/2025:01:58:21 +0000] "POST /login/autenticar HTTP/1.1" 200 143 "-" "PostmanRuntime/7.44.0"
::1 - - [13/Jul/2025:01:58:46 +0000] "GET /pacientes HTTP/1.1" 200 979 "-" "PostmanRuntime/7.44.0"
::1 - - [13/Jul/2025:01:58:56 +0000] "GET /procedimentos HTTP/1.1" 200 841 "-" "PostmanRuntime/7.44.0"
::1 - - [13/Jul/2025:01:59:06 +0000] "GET /prontuarios HTTP/1.1" 200 135 "-" "PostmanRuntime/7.44.0"
